<?xml version="1.0" encoding="UTF-8"?>
<!-- Generated by org.testng.reporters.JUnitXMLReporter -->
<testsuite ignored="2" hostname="Khosruzs-MacBook-Pro.local" failures="0" tests="1" name="Default test" time="4.175" errors="0" timestamp="2025-02-15T14:49:50 EST">
  <testcase classname="com.Test.RegisterTest" name="registerWithInValidData" time="0.513"/>
  <testcase classname="com.Test.RegisterTest" name="validatePageTitle" time="0.0">
    <ignored/>
  </testcase> <!-- validatePageTitle -->
  <testcase classname="com.Test.RegisterTest" name="registerWithValidData" time="0.0">
    <ignored/>
  </testcase> <!-- registerWithValidData -->
</testsuite> <!-- Default test -->
