<?xml version="1.0" encoding="UTF-8"?>
<!-- Generated by org.testng.reporters.JUnitXMLReporter -->
<testsuite ignored="0" hostname="Khosruzs-MacBook-Pro.local" failures="0" tests="3" name="Test" time="9.635" errors="0" timestamp="2025-02-14T00:07:21 EST">
  <testcase classname="com.Test.RegisterTest" name="registerWithInValidData" time="0.959"/>
  <testcase classname="com.Test.RegisterTest" name="validatePageTitle" time="0.006"/>
  <testcase classname="com.Test.RegisterTest" name="registerWithValidData" time="0.591"/>
</testsuite> <!-- Test -->
