<?xml version="1.0" encoding="UTF-8"?>
<!-- Generated by org.testng.reporters.JUnitXMLReporter -->
<testsuite ignored="0" hostname="Khosruzs-MacBook-Pro.local" failures="0" tests="3" name="FrameWorksWithOOPS" time="22.306" errors="0" timestamp="2025-02-15T15:07:28 EST">
  <testcase classname="com.Test.RegisterTest" name="validatePageTitle" time="0.017"/>
  <testcase classname="com.Test.RegisterTest" name="registerWithValidData" time="10.679"/>
  <testcase classname="com.Test.RegisterTest" name="registerWithInValidData" time="0.474"/>
</testsuite> <!-- FrameWorksWithOOPS -->
