<?xml version="1.0" encoding="UTF-8"?>
<testng-results ignored="0" total="3" passed="3" failed="0" skipped="0">
  <reporter-output>
  </reporter-output>
  <suite started-at="2025-02-15T15:07:05 EST" name="Suite" finished-at="2025-02-15T15:07:28 EST" duration-ms="22306">
    <groups>
    </groups>
    <test started-at="2025-02-15T15:07:05 EST" name="FrameWorksWithOOPS" finished-at="2025-02-15T15:07:28 EST" duration-ms="22306">
      <class name="com.Test.RegisterTest">
        <test-method is-config="true" signature="tearUp()[pri:0, instance:com.Test.RegisterTest@ec756bd]" started-at="2025-02-15T15:07:05 EST" name="tearUp" finished-at="2025-02-15T15:07:09 EST" duration-ms="4169" status="PASS">
          <reporter-output>
          </reporter-output>
        </test-method> <!-- tearUp -->
        <test-method signature="validatePageTitle()[pri:0, instance:com.Test.RegisterTest@ec756bd]" started-at="2025-02-15T15:07:09 EST" name="validatePageTitle" finished-at="2025-02-15T15:07:09 EST" duration-ms="17" status="PASS">
          <reporter-output>
          </reporter-output>
        </test-method> <!-- validatePageTitle -->
        <test-method is-config="true" signature="tearDown()[pri:0, instance:com.Test.RegisterTest@ec756bd]" started-at="2025-02-15T15:07:09 EST" name="tearDown" finished-at="2025-02-15T15:07:10 EST" duration-ms="877" status="PASS">
          <reporter-output>
          </reporter-output>
        </test-method> <!-- tearDown -->
        <test-method is-config="true" signature="tearUp()[pri:0, instance:com.Test.RegisterTest@ec756bd]" started-at="2025-02-15T15:07:10 EST" name="tearUp" finished-at="2025-02-15T15:07:13 EST" duration-ms="2246" status="PASS">
          <reporter-output>
          </reporter-output>
        </test-method> <!-- tearUp -->
        <test-method signature="registerWithValidData()[pri:1, instance:com.Test.RegisterTest@ec756bd]" started-at="2025-02-15T15:07:13 EST" name="registerWithValidData" finished-at="2025-02-15T15:07:23 EST" duration-ms="10679" status="PASS">
          <reporter-output>
          </reporter-output>
        </test-method> <!-- registerWithValidData -->
        <test-method is-config="true" signature="tearDown()[pri:0, instance:com.Test.RegisterTest@ec756bd]" started-at="2025-02-15T15:07:23 EST" name="tearDown" finished-at="2025-02-15T15:07:24 EST" duration-ms="766" status="PASS">
          <reporter-output>
          </reporter-output>
        </test-method> <!-- tearDown -->
        <test-method is-config="true" signature="tearUp()[pri:0, instance:com.Test.RegisterTest@ec756bd]" started-at="2025-02-15T15:07:24 EST" name="tearUp" finished-at="2025-02-15T15:07:26 EST" duration-ms="2299" status="PASS">
          <reporter-output>
          </reporter-output>
        </test-method> <!-- tearUp -->
        <test-method signature="registerWithInValidData()[pri:2, instance:com.Test.RegisterTest@ec756bd]" started-at="2025-02-15T15:07:26 EST" name="registerWithInValidData" finished-at="2025-02-15T15:07:27 EST" duration-ms="474" status="PASS">
          <reporter-output>
          </reporter-output>
        </test-method> <!-- registerWithInValidData -->
        <test-method is-config="true" signature="tearDown()[pri:0, instance:com.Test.RegisterTest@ec756bd]" started-at="2025-02-15T15:07:27 EST" name="tearDown" finished-at="2025-02-15T15:07:28 EST" duration-ms="751" status="PASS">
          <reporter-output>
          </reporter-output>
        </test-method> <!-- tearDown -->
      </class> <!-- com.Test.RegisterTest -->
    </test> <!-- FrameWorksWithOOPS -->
  </suite> <!-- Suite -->
</testng-results>
