<?xml version="1.0" encoding="UTF-8"?>
<testsuite xmlns:xsi="http://www.w3.org/2001/XMLSchema-instance" xsi:noNamespaceSchemaLocation="https://maven.apache.org/surefire/maven-surefire-plugin/xsd/surefire-test-report-3.0.xsd" version="3.0" name="TestSuite" time="22.558" tests="3" errors="0" skipped="0" failures="0">
  <properties>
[...]
</properties>
  <testcase name="validatePageTitle" classname="com.Test.RegisterTest" time="0.028">
    <system-out><![CDATA[Page Title is : ZSolution Register
]]></system-out>
    <system-err><![CDATA[SLF4J: Failed to load class "org.slf4j.impl.StaticLoggerBinder".
SLF4J: Defaulting to no-operation (NOP) logger implementation
SLF4J: See http://www.slf4j.org/codes.html#StaticLoggerBinder for further details.
Feb 15, 2025 3:07:05 PM org.openqa.selenium.remote.service.DriverService$Builder getLogOutput
INFO: Driver logs no longer sent to console by default; https://www.selenium.dev/documentation/webdriver/drivers/service/#setting-log-output
]]></system-err>
  </testcase>
  <testcase name="registerWithValidData" classname="com.Test.RegisterTest" time="10.68">
    <system-out><![CDATA[Success message found as : Registration successful!
]]></system-out>
    <system-err><![CDATA[Feb 15, 2025 3:07:10 PM org.openqa.selenium.remote.service.DriverService$Builder getLogOutput
INFO: Driver logs no longer sent to console by default; https://www.selenium.dev/documentation/webdriver/drivers/service/#setting-log-output
]]></system-err>
  </testcase>
  <testcase name="registerWithInValidData" classname="com.Test.RegisterTest" time="0.474">
    <system-out><![CDATA[Error message found as : All fields are required.
]]></system-out>
    <system-err><![CDATA[Feb 15, 2025 3:07:24 PM org.openqa.selenium.remote.service.DriverService$Builder getLogOutput
INFO: Driver logs no longer sent to console by default; https://www.selenium.dev/documentation/webdriver/drivers/service/#setting-log-output
]]></system-err>
  </testcase>
</testsuite>