<?xml version="1.0" encoding="UTF-8"?>
<testng-results ignored="2" total="3" passed="1" failed="0" skipped="0">
  <reporter-output>
  </reporter-output>
  <suite started-at="2025-02-15T14:49:46 EST" name="Default suite" finished-at="2025-02-15T14:49:50 EST" duration-ms="4175">
    <groups>
    </groups>
    <test started-at="2025-02-15T14:49:46 EST" name="Default test" finished-at="2025-02-15T14:49:50 EST" duration-ms="4175">
      <class name="com.Test.RegisterTest">
        <test-method is-config="true" signature="tearUp()[pri:0, instance:com.Test.RegisterTest@38cee291]" started-at="2025-02-15T14:49:46 EST" name="tearUp" finished-at="2025-02-15T14:49:48 EST" duration-ms="2876" status="PASS">
          <reporter-output>
          </reporter-output>
        </test-method> <!-- tearUp -->
        <test-method signature="registerWithInValidData()[pri:2, instance:com.Test.RegisterTest@38cee291]" started-at="2025-02-15T14:49:48 EST" name="registerWithInValidData" finished-at="2025-02-15T14:49:49 EST" duration-ms="513" status="PASS">
          <reporter-output>
          </reporter-output>
        </test-method> <!-- registerWithInValidData -->
        <test-method is-config="true" signature="tearDown()[pri:0, instance:com.Test.RegisterTest@38cee291]" started-at="2025-02-15T14:49:49 EST" name="tearDown" finished-at="2025-02-15T14:49:50 EST" duration-ms="758" status="PASS">
          <reporter-output>
          </reporter-output>
        </test-method> <!-- tearDown -->
      </class> <!-- com.Test.RegisterTest -->
    </test> <!-- Default test -->
  </suite> <!-- Default suite -->
</testng-results>
